  MyForm.cpp
c:\users\asusnb\desktop\ceng-2018\yapay sinir ağları\yapaysiniragları\yapaysiniragları\MyForm.h(346): warning C4244: '=': conversion from 'float' to 'int', possible loss of data
c:\users\asusnb\desktop\ceng-2018\yapay sinir ağları\yapaysiniragları\yapaysiniragları\MyForm.h(361): warning C4244: '=': conversion from 'int' to 'float', possible loss of data
c:\users\asusnb\desktop\ceng-2018\yapay sinir ağları\yapaysiniragları\yapaysiniragları\MyForm.h(375): warning C4244: '=': conversion from 'int' to 'float', possible loss of data
c:\users\asusnb\desktop\ceng-2018\yapay sinir ağları\yapaysiniragları\yapaysiniragları\MyForm.h(408): warning C4244: '=': conversion from 'float' to 'int', possible loss of data
c:\users\asusnb\desktop\ceng-2018\yapay sinir ağları\yapaysiniragları\yapaysiniragları\MyForm.h(423): warning C4244: '=': conversion from 'int' to 'float', possible loss of data
c:\users\asusnb\desktop\ceng-2018\yapay sinir ağları\yapaysiniragları\yapaysiniragları\MyForm.h(437): warning C4244: '=': conversion from 'int' to 'float', possible loss of data
c:\users\asusnb\desktop\ceng-2018\yapay sinir ağları\yapaysiniragları\yapaysiniragları\MyForm.h(483): warning C4244: '=': conversion from 'double' to 'float', possible loss of data
c:\users\asusnb\desktop\ceng-2018\yapay sinir ağları\yapaysiniragları\yapaysiniragları\MyForm.h(486): warning C4305: 'initializing': truncation from 'double' to 'float'
c:\users\asusnb\desktop\ceng-2018\yapay sinir ağları\yapaysiniragları\yapaysiniragları\MyForm.h(497): warning C4244: '=': conversion from 'float' to 'int', possible loss of data
c:\users\asusnb\desktop\ceng-2018\yapay sinir ağları\yapaysiniragları\yapaysiniragları\MyForm.h(498): warning C4244: '=': conversion from 'double' to 'float', possible loss of data
c:\users\asusnb\desktop\ceng-2018\yapay sinir ağları\yapaysiniragları\yapaysiniragları\MyForm.h(514): warning C4244: '=': conversion from 'int' to 'float', possible loss of data
c:\users\asusnb\desktop\ceng-2018\yapay sinir ağları\yapaysiniragları\yapaysiniragları\MyForm.h(528): warning C4244: '=': conversion from 'int' to 'float', possible loss of data
c:\users\asusnb\desktop\ceng-2018\yapay sinir ağları\yapaysiniragları\yapaysiniragları\MyForm.h(561): warning C4244: '=': conversion from 'float' to 'int', possible loss of data
c:\users\asusnb\desktop\ceng-2018\yapay sinir ağları\yapaysiniragları\yapaysiniragları\MyForm.h(562): warning C4244: '=': conversion from 'double' to 'float', possible loss of data
c:\users\asusnb\desktop\ceng-2018\yapay sinir ağları\yapaysiniragları\yapaysiniragları\MyForm.h(576): warning C4244: '=': conversion from 'int' to 'float', possible loss of data
c:\users\asusnb\desktop\ceng-2018\yapay sinir ağları\yapaysiniragları\yapaysiniragları\MyForm.h(590): warning C4244: '=': conversion from 'int' to 'float', possible loss of data
c:\users\asusnb\desktop\ceng-2018\yapay sinir ağları\yapaysiniragları\yapaysiniragları\MyForm.h(478): warning C4101: 'O': unreferenced local variable
c:\users\asusnb\desktop\ceng-2018\yapay sinir ağları\yapaysiniragları\yapaysiniragları\myform.h(483): warning C4700: uninitialized local variable 'net' used
  yapaySinirAgları.vcxproj -> C:\Users\AsusNb\Desktop\CENG-2018\Yapay Sinir Ağları\yapaySinirAgları\Debug\yapaySinirAgları.exe
